2021-09-26 19:21:12,898: INFO : test_accountcreationandvalidation: Reading login page
2021-09-26 19:21:12,898: INFO : test_accountcreationandvalidation: ready to login
2021-09-26 19:21:15,638: INFO : test_accountcreationandvalidation: Ready to give email details
2021-09-26 19:21:17,765: INFO : test_accountcreationandvalidation: email entered
2021-09-26 19:21:17,765: INFO : test_accountcreationandvalidation: providing user details
2021-09-26 19:21:17,837: INFO : test_accountcreationandvalidation: selecting title
2021-09-26 19:21:20,894: INFO : test_accountcreationandvalidation: entering first name
2021-09-26 19:21:20,982: INFO : test_accountcreationandvalidation: entering last name
2021-09-26 19:21:21,070: INFO : test_accountcreationandvalidation: entering passeword
2021-09-26 19:21:21,150: INFO : test_accountcreationandvalidation: entering address
2021-09-26 19:21:21,238: INFO : test_accountcreationandvalidation: entering city
2021-09-26 19:21:21,350: INFO : test_accountcreationandvalidation: entering state
2021-09-26 19:21:21,430: INFO : test_accountcreationandvalidation: entering postalcode
2021-09-26 19:21:21,526: INFO : test_accountcreationandvalidation: entering additional info
2021-09-26 19:21:21,598: INFO : test_accountcreationandvalidation: entering mobile no
2021-09-26 19:21:21,702: INFO : test_accountcreationandvalidation: submitting
2021-09-26 19:21:23,679: INFO : test_accountcreationandvalidation: valdiating user creation
2021-09-26 19:21:23,735: INFO : test_accountcreationandvalidation: user creation successful
2021-09-26 19:22:58,001: INFO : test_accountcreationandvalidation: Reading login page
2021-09-26 19:22:58,001: INFO : test_accountcreationandvalidation: ready to login
2021-09-26 19:23:00,472: INFO : test_accountcreationandvalidation: Ready to give email details
2021-09-26 19:23:02,591: INFO : test_accountcreationandvalidation: email entered
2021-09-26 19:23:02,599: INFO : test_accountcreationandvalidation: providing user details
2021-09-26 19:23:02,666: INFO : test_accountcreationandvalidation: selecting title
2021-09-26 19:23:05,728: INFO : test_accountcreationandvalidation: entering first name
2021-09-26 19:23:05,813: INFO : test_accountcreationandvalidation: entering last name
2021-09-26 19:23:05,901: INFO : test_accountcreationandvalidation: entering passeword
2021-09-26 19:23:05,989: INFO : test_accountcreationandvalidation: entering address
2021-09-26 19:23:06,077: INFO : test_accountcreationandvalidation: entering city
2021-09-26 19:23:06,157: INFO : test_accountcreationandvalidation: entering state
2021-09-26 19:23:06,245: INFO : test_accountcreationandvalidation: entering postalcode
2021-09-26 19:23:06,333: INFO : test_accountcreationandvalidation: entering additional info
2021-09-26 19:23:06,405: INFO : test_accountcreationandvalidation: entering mobile no
2021-09-26 19:23:06,501: INFO : test_accountcreationandvalidation: submitting
2021-09-26 19:23:08,731: INFO : test_accountcreationandvalidation: valdiating user creation
2021-09-26 19:23:08,787: INFO : test_accountcreationandvalidation: user creation successful
2021-09-26 19:27:08,162: INFO : test_accountcreationandvalidation: Reading login page
2021-09-26 19:27:08,162: INFO : test_accountcreationandvalidation: ready to login
2021-09-26 19:27:11,051: INFO : test_accountcreationandvalidation: Ready to give email details
2021-09-26 19:27:13,209: INFO : test_accountcreationandvalidation: email entered
2021-09-26 19:27:13,209: INFO : test_accountcreationandvalidation: providing user details
2021-09-26 19:27:13,281: INFO : test_accountcreationandvalidation: selecting title
2021-09-26 19:27:16,333: INFO : test_accountcreationandvalidation: entering first name
2021-09-26 19:27:16,415: INFO : test_accountcreationandvalidation: entering last name
2021-09-26 19:27:16,503: INFO : test_accountcreationandvalidation: entering passeword
2021-09-26 19:27:16,583: INFO : test_accountcreationandvalidation: entering address
2021-09-26 19:27:16,671: INFO : test_accountcreationandvalidation: entering city
2021-09-26 19:27:16,759: INFO : test_accountcreationandvalidation: entering state
2021-09-26 19:27:16,839: INFO : test_accountcreationandvalidation: entering postalcode
2021-09-26 19:27:16,911: INFO : test_accountcreationandvalidation: entering additional info
2021-09-26 19:27:16,991: INFO : test_accountcreationandvalidation: entering mobile no
2021-09-26 19:27:17,087: INFO : test_accountcreationandvalidation: submitting
2021-09-26 19:27:19,305: INFO : test_accountcreationandvalidation: valdiating user creation
2021-09-26 19:27:19,361: INFO : test_accountcreationandvalidation: user creation successful
2021-09-26 19:30:01,838: INFO : test_accountcreationandvalidation: Reading login page
2021-09-26 19:30:01,838: INFO : test_accountcreationandvalidation: ready to login
2021-09-26 19:30:04,903: INFO : test_accountcreationandvalidation: Ready to give email details
2021-09-26 19:30:07,036: INFO : test_accountcreationandvalidation: email entered
2021-09-26 19:30:07,036: INFO : test_accountcreationandvalidation: providing user details
2021-09-26 19:30:07,119: INFO : test_accountcreationandvalidation: selecting title
2021-09-26 19:46:14,966: INFO : test_accountcreationandvalidation: Reading login page
2021-09-26 19:46:14,967: INFO : test_accountcreationandvalidation: ready to login
2021-09-26 19:46:17,910: INFO : test_accountcreationandvalidation: Ready to give email details
2021-09-26 19:46:20,052: INFO : test_accountcreationandvalidation: email entered
2021-09-26 19:46:20,053: INFO : test_accountcreationandvalidation: providing user details
2021-09-26 19:46:20,124: INFO : test_accountcreationandvalidation: selecting title
2021-09-26 19:47:49,919: INFO : test_accountcreationandvalidation: Reading login page
2021-09-26 19:47:49,919: INFO : test_accountcreationandvalidation: ready to login
2021-09-26 19:47:53,646: INFO : test_accountcreationandvalidation: Ready to give email details
2021-09-26 19:47:55,781: INFO : test_accountcreationandvalidation: email entered
2021-09-26 19:47:55,781: INFO : test_accountcreationandvalidation: providing user details
2021-09-26 19:47:55,854: INFO : test_accountcreationandvalidation: selecting title
2021-09-26 19:49:18,950: INFO : test_accountcreationandvalidation: Reading login page
2021-09-26 19:49:18,950: INFO : test_accountcreationandvalidation: ready to login
2021-09-26 19:49:22,229: INFO : test_accountcreationandvalidation: Ready to give email details
2021-09-26 19:49:24,362: INFO : test_accountcreationandvalidation: email entered
2021-09-26 19:49:24,363: INFO : test_accountcreationandvalidation: providing user details
2021-09-26 19:49:24,439: INFO : test_accountcreationandvalidation: selecting title
2021-09-26 19:49:27,514: INFO : test_accountcreationandvalidation: entering first name
2021-09-26 19:49:27,620: INFO : test_accountcreationandvalidation: entering last name
2021-09-26 19:49:27,756: INFO : test_accountcreationandvalidation: entering passeword
2021-09-26 19:49:27,848: INFO : test_accountcreationandvalidation: entering address
2021-09-26 19:49:27,952: INFO : test_accountcreationandvalidation: entering city
2021-09-26 19:49:28,054: INFO : test_accountcreationandvalidation: entering state
2021-09-26 19:49:28,141: INFO : test_accountcreationandvalidation: entering postalcode
2021-09-26 19:49:28,231: INFO : test_accountcreationandvalidation: entering additional info
2021-09-26 19:49:28,319: INFO : test_accountcreationandvalidation: entering mobile no
2021-09-26 19:49:28,422: INFO : test_accountcreationandvalidation: submitting
2021-09-26 19:49:31,012: INFO : test_accountcreationandvalidation: valdiating user creation
2021-09-26 19:49:31,074: INFO : test_accountcreationandvalidation: user creation successful
2021-09-27 21:21:28,428: INFO : test_accountcreationandvalidation: Reading login page
2021-09-27 21:21:28,428: INFO : test_accountcreationandvalidation: ready to login
2021-09-27 21:21:34,635: INFO : test_accountcreationandvalidation: Ready to give email details aaaazdss s2dsss@mail.com
2021-09-27 21:21:36,760: INFO : test_accountcreationandvalidation: email entered
2021-09-27 21:21:36,760: INFO : test_accountcreationandvalidation: providing user details
2021-09-27 21:21:36,865: INFO : test_accountcreationandvalidation: selecting title
2021-09-27 21:24:23,409: INFO : test_accountcreationandvalidation: Reading login page
2021-09-27 21:24:23,409: INFO : test_accountcreationandvalidation: ready to login
2021-09-27 21:30:43,297: INFO : test_accountcreationandvalidation: Reading login page
2021-09-27 21:30:43,305: INFO : test_accountcreationandvalidation: ready to login
2021-09-27 21:33:20,697: INFO : test_accountcreationandvalidation: Reading login page
2021-09-27 21:33:20,697: INFO : test_accountcreationandvalidation: ready to login
2021-09-27 21:38:34,332: INFO : test_accountcreationandvalidation: Reading login page
2021-09-27 21:38:34,332: INFO : test_accountcreationandvalidation: ready to login
2021-09-27 21:38:37,268: INFO : test_accountcreationandvalidation: Ready to give email details aaaazdss s2dsss@mail.com
2021-09-27 21:38:39,392: INFO : test_accountcreationandvalidation: email entered
2021-09-27 21:38:39,392: INFO : test_accountcreationandvalidation: providing user details
2021-09-27 21:38:39,477: INFO : test_accountcreationandvalidation: selecting title
2021-09-27 21:56:06,380: INFO : test_accountcreationandvalidation: Reading login page
2021-09-27 21:56:06,380: INFO : test_accountcreationandvalidation: ready to login
2021-09-27 21:57:55,038: INFO : test_accountcreationandvalidation: Reading login page
2021-09-27 21:57:55,038: INFO : test_accountcreationandvalidation: ready to login
2021-09-27 21:57:57,569: INFO : test_accountcreationandvalidation: Ready to give email details aaaazdsscs2dsss@mail.com
2021-09-27 21:57:59,696: INFO : test_accountcreationandvalidation: email entered
2021-09-27 21:57:59,696: INFO : test_accountcreationandvalidation: providing user details
2021-09-27 21:57:59,779: INFO : test_accountcreationandvalidation: selecting title Mr
2021-09-27 21:58:02,856: INFO : test_accountcreationandvalidation: entering first name Nat
2021-09-27 21:58:02,960: INFO : test_accountcreationandvalidation: entering last name Raj
2021-09-27 21:58:03,128: INFO : test_accountcreationandvalidation: entering passeword
2021-09-27 21:59:30,357: INFO : test_accountcreationandvalidation: Reading login page
2021-09-27 21:59:30,357: INFO : test_accountcreationandvalidation: ready to login
2021-09-27 21:59:35,464: INFO : test_accountcreationandvalidation: Ready to give email details aaaazdsscs2dsss@mail.com
2021-09-27 21:59:37,574: INFO : test_accountcreationandvalidation: email entered
2021-09-27 21:59:37,574: INFO : test_accountcreationandvalidation: providing user details
2021-09-27 21:59:37,653: INFO : test_accountcreationandvalidation: selecting title Mr
2021-09-27 21:59:40,718: INFO : test_accountcreationandvalidation: entering first name Nat
2021-09-27 21:59:40,814: INFO : test_accountcreationandvalidation: entering last name Raj
2021-09-27 21:59:40,910: INFO : test_accountcreationandvalidation: entering passeword
2021-09-27 22:02:52,700: INFO : test_accountcreationandvalidation: Reading login page
2021-09-27 22:02:52,700: INFO : test_accountcreationandvalidation: ready to login
2021-09-27 22:02:58,182: INFO : test_accountcreationandvalidation: Ready to give email details aaaazdsscs2dsss@mail.com
2021-09-27 22:03:00,331: INFO : test_accountcreationandvalidation: email entered
2021-09-27 22:03:00,331: INFO : test_accountcreationandvalidation: providing user details
2021-09-27 22:03:00,402: INFO : test_accountcreationandvalidation: selecting title Mr
2021-09-27 22:03:03,484: INFO : test_accountcreationandvalidation: entering first name Nat
2021-09-27 22:03:03,580: INFO : test_accountcreationandvalidation: entering last name Raj
2021-09-27 22:04:11,251: INFO : test_accountcreationandvalidation: Reading login page
2021-09-27 22:04:11,251: INFO : test_accountcreationandvalidation: ready to login
2021-09-27 22:04:17,185: INFO : test_accountcreationandvalidation: Ready to give email details aaaazdsscs2dsss@mail.com
2021-09-27 22:04:19,321: INFO : test_accountcreationandvalidation: email entered
2021-09-27 22:04:19,321: INFO : test_accountcreationandvalidation: providing user details
2021-09-27 22:04:19,392: INFO : test_accountcreationandvalidation: selecting title Mr
2021-09-27 22:05:08,389: INFO : test_accountcreationandvalidation: Reading login page
2021-09-27 22:05:08,389: INFO : test_accountcreationandvalidation: ready to login
2021-09-27 22:05:11,410: INFO : test_accountcreationandvalidation: Ready to give email details aaaazdsscs2dsss@mail.com
2021-09-27 22:05:13,528: INFO : test_accountcreationandvalidation: email entered
2021-09-27 22:05:13,528: INFO : test_accountcreationandvalidation: providing user details
2021-09-27 22:05:13,615: INFO : test_accountcreationandvalidation: selecting title Mr
2021-09-27 22:06:04,800: INFO : test_accountcreationandvalidation: Reading login page
2021-09-27 22:06:04,800: INFO : test_accountcreationandvalidation: ready to login
2021-09-27 22:06:07,521: INFO : test_accountcreationandvalidation: Ready to give email details aaaazdsscs2dsss@mail.com
2021-09-27 22:06:09,667: INFO : test_accountcreationandvalidation: email entered
2021-09-27 22:06:09,667: INFO : test_accountcreationandvalidation: providing user details
2021-09-27 22:06:09,741: INFO : test_accountcreationandvalidation: selecting title Mr
2021-09-27 22:06:12,812: INFO : test_accountcreationandvalidation: entering first name Nat
2021-09-27 22:06:12,922: INFO : test_accountcreationandvalidation: entering last name Raj
2021-09-27 22:06:13,018: INFO : test_accountcreationandvalidation: entering passewordqwerty
2021-09-27 22:06:13,114: INFO : test_accountcreationandvalidation: entering address asdfgh
2021-09-27 22:06:13,218: INFO : test_accountcreationandvalidation: entering city htfd
2021-09-27 22:06:13,306: INFO : test_accountcreationandvalidation: entering state California
2021-09-27 22:06:13,402: INFO : test_accountcreationandvalidation: entering postalcode 00000
2021-09-27 22:06:13,482: INFO : test_accountcreationandvalidation: entering additional info askjfhkjasf
2021-09-27 22:06:13,578: INFO : test_accountcreationandvalidation: entering mobile no 1234567890
2021-09-27 22:06:13,674: INFO : test_accountcreationandvalidation: submitting
2021-09-27 22:06:16,595: INFO : test_accountcreationandvalidation: valdiating user creation
2021-09-27 22:06:16,674: INFO : test_accountcreationandvalidation: Nat Raj user creation successful
2021-09-27 22:22:22,497: INFO : test_accountcreationandvalidation: Reading login page
2021-09-27 22:22:22,497: INFO : test_accountcreationandvalidation: ready to login
2021-09-27 22:22:25,214: INFO : test_accountcreationandvalidation: Ready to give email details aaaazdsscs2dsss@mail.com
2021-09-27 22:22:27,340: INFO : test_accountcreationandvalidation: email entered
2021-09-27 22:22:27,340: INFO : test_accountcreationandvalidation: providing user details
2021-09-27 22:22:27,403: INFO : test_accountcreationandvalidation: selecting title Mr
2021-09-27 22:24:34,414: INFO : test_accountcreationandvalidation: Reading login page
2021-09-27 22:24:34,414: INFO : test_accountcreationandvalidation: ready to login
2021-09-27 22:33:14,290: INFO : test_accountcreationandvalidation: Reading login page
2021-09-27 22:33:14,290: INFO : test_accountcreationandvalidation: ready to login
2021-09-27 22:34:03,794: INFO : test_accountcreationandvalidation: Reading login page
2021-09-27 22:34:03,794: INFO : test_accountcreationandvalidation: ready to login
2021-09-27 22:34:06,691: INFO : test_accountcreationandvalidation: Ready to give email details ba@mail.com
2021-09-27 22:34:06,785: INFO : test_accountcreationandvalidation: email entered
2021-09-27 22:34:06,785: INFO : test_accountcreationandvalidation: providing user details
2021-09-27 22:36:00,942: INFO : test_accountcreationandvalidation: Reading login page
2021-09-27 22:36:00,942: INFO : test_accountcreationandvalidation: ready to login
2021-09-27 22:36:04,252: INFO : test_accountcreationandvalidation: Ready to give email details ba@mail.com
2021-09-27 22:36:04,346: INFO : test_accountcreationandvalidation: email entered
2021-09-27 22:36:04,346: INFO : test_accountcreationandvalidation: providing user details
2021-09-27 22:36:07,095: INFO : test_accountcreationandvalidation: selecting title Mr
2021-09-27 22:36:10,151: INFO : test_accountcreationandvalidation: entering first name Nat
2021-09-27 22:36:10,257: INFO : test_accountcreationandvalidation: entering last name Raj
2021-09-27 22:36:10,370: INFO : test_accountcreationandvalidation: entering passewordqwerty
2021-09-27 22:36:10,471: INFO : test_accountcreationandvalidation: entering address asdfgh
2021-09-27 22:36:10,567: INFO : test_accountcreationandvalidation: entering city htfd
2021-09-27 22:36:10,679: INFO : test_accountcreationandvalidation: entering state California
2021-09-27 22:36:10,767: INFO : test_accountcreationandvalidation: entering postalcode 00000
2021-09-27 22:36:10,855: INFO : test_accountcreationandvalidation: entering additional info askjfhkjasf
2021-09-27 22:36:10,951: INFO : test_accountcreationandvalidation: entering mobile no 1234567890
2021-09-27 22:36:11,055: INFO : test_accountcreationandvalidation: submitting
2021-09-27 22:36:13,671: INFO : test_accountcreationandvalidation: valdiating user creation
2021-09-27 22:36:13,735: INFO : test_accountcreationandvalidation: Nat Raj user creation successful
2021-09-27 22:38:16,555: INFO : test_accountcreationandvalidation: Reading login page
2021-09-27 22:38:16,555: INFO : test_accountcreationandvalidation: ready to login
2021-09-27 22:38:19,430: INFO : test_accountcreationandvalidation: Ready to give email details ba@mail.com
2021-09-27 22:38:19,524: INFO : test_accountcreationandvalidation: email entered
2021-09-27 22:38:19,524: INFO : test_accountcreationandvalidation: providing user details
2021-09-27 22:39:25,561: INFO : test_accountcreationandvalidation: Reading login page
2021-09-27 22:39:25,561: INFO : test_accountcreationandvalidation: ready to login
2021-09-27 22:39:31,361: INFO : test_accountcreationandvalidation: Ready to give email details bza@mail.com
2021-09-27 22:39:31,452: INFO : test_accountcreationandvalidation: email entered
2021-09-27 22:39:31,452: INFO : test_accountcreationandvalidation: providing user details
2021-09-27 22:39:34,132: INFO : test_accountcreationandvalidation: selecting title Mr
2021-09-27 22:39:37,189: INFO : test_accountcreationandvalidation: entering first name Nat
2021-09-27 22:39:37,279: INFO : test_accountcreationandvalidation: entering last name Raj
2021-09-27 22:39:37,367: INFO : test_accountcreationandvalidation: entering passewordqwerty
2021-09-27 22:39:37,471: INFO : test_accountcreationandvalidation: entering address asdfgh
2021-09-27 22:39:37,568: INFO : test_accountcreationandvalidation: entering city htfd
2021-09-27 22:39:37,663: INFO : test_accountcreationandvalidation: entering state California
2021-09-27 22:39:37,759: INFO : test_accountcreationandvalidation: entering postalcode 00000
2021-09-27 22:39:37,855: INFO : test_accountcreationandvalidation: entering additional info askjfhkjasf
2021-09-27 22:39:37,943: INFO : test_accountcreationandvalidation: entering mobile no 1234567890
2021-09-27 22:39:38,039: INFO : test_accountcreationandvalidation: submitting
2021-09-27 22:39:40,215: INFO : test_accountcreationandvalidation: valdiating user creation
2021-09-27 22:39:40,295: INFO : test_accountcreationandvalidation: Nat Raj user creation successful
2021-09-27 22:40:45,639: INFO : test_accountcreationandvalidation: Reading login page
2021-09-27 22:40:45,639: INFO : test_accountcreationandvalidation: ready to login
2021-09-27 22:40:49,128: INFO : test_accountcreationandvalidation: Ready to give email details bsza@mail.com
2021-09-27 22:40:49,237: INFO : test_accountcreationandvalidation: email entered
2021-09-27 22:40:49,237: INFO : test_accountcreationandvalidation: providing user details
2021-09-27 22:40:51,458: INFO : test_accountcreationandvalidation: selecting title Mr
2021-09-27 22:40:54,513: INFO : test_accountcreationandvalidation: entering first name Nat
2021-09-27 22:40:54,614: INFO : test_accountcreationandvalidation: entering last name Raj
2021-09-27 22:40:54,723: INFO : test_accountcreationandvalidation: entering passewordqwerty
2021-09-27 22:40:54,830: INFO : test_accountcreationandvalidation: entering address asdfgh
2021-09-27 22:40:54,929: INFO : test_accountcreationandvalidation: entering city htfd
2021-09-27 22:40:55,030: INFO : test_accountcreationandvalidation: entering state Arizona
2021-09-27 22:40:55,120: INFO : test_accountcreationandvalidation: entering postalcode 00000
2021-09-27 22:40:55,221: INFO : test_accountcreationandvalidation: entering additional info askjfhkjasf
2021-09-27 22:40:55,333: INFO : test_accountcreationandvalidation: entering mobile no 1234567890
2021-09-27 22:40:55,453: INFO : test_accountcreationandvalidation: submitting
2021-09-27 22:40:58,676: INFO : test_accountcreationandvalidation: valdiating user creation
2021-09-27 22:40:58,740: INFO : test_accountcreationandvalidation: Nat Raj user creation successful
2021-09-27 22:42:28,393: INFO : test_accountcreationandvalidation: Reading login page
2021-09-27 22:42:28,393: INFO : test_accountcreationandvalidation: ready to login
2021-09-27 22:42:32,449: INFO : test_accountcreationandvalidation: Ready to give email details bsza@mail.com
2021-09-27 22:42:32,540: INFO : test_accountcreationandvalidation: email entered
2021-09-27 22:42:32,540: INFO : test_accountcreationandvalidation: providing user details
2021-09-27 22:43:03,619: INFO : test_accountcreationandvalidation: Reading login page
2021-09-27 22:43:03,619: INFO : test_accountcreationandvalidation: ready to login
2021-09-27 22:45:54,020: INFO : test_accountcreationandvalidation: Reading login page
2021-09-27 22:45:54,020: INFO : test_accountcreationandvalidation: ready to login
2021-09-27 22:46:00,781: INFO : test_accountcreationandvalidation: Ready to give email details bza@mail.com
2021-09-27 22:46:00,894: INFO : test_accountcreationandvalidation: email entered
2021-09-27 22:46:00,894: INFO : test_accountcreationandvalidation: providing user details
2021-09-27 22:46:22,981: INFO : test_accountcreationandvalidation: Reading login page
2021-09-27 22:46:22,981: INFO : test_accountcreationandvalidation: ready to login
2021-09-27 22:46:27,107: INFO : test_accountcreationandvalidation: Ready to give email details bs2za@mail.com
2021-09-27 22:46:27,217: INFO : test_accountcreationandvalidation: email entered
2021-09-27 22:46:27,217: INFO : test_accountcreationandvalidation: providing user details
2021-09-27 22:46:28,892: INFO : test_accountcreationandvalidation: selecting title Mr
2021-09-27 22:46:31,971: INFO : test_accountcreationandvalidation: entering first name Nat
2021-09-27 22:46:32,058: INFO : test_accountcreationandvalidation: entering last name Raj
2021-09-27 22:46:32,159: INFO : test_accountcreationandvalidation: entering passewordqwerty
2021-09-27 22:46:32,257: INFO : test_accountcreationandvalidation: entering address asdfgh
2021-09-27 22:46:32,345: INFO : test_accountcreationandvalidation: entering city htfd
2021-09-27 22:46:32,441: INFO : test_accountcreationandvalidation: entering state Arizona
2021-09-27 22:46:32,524: INFO : test_accountcreationandvalidation: entering postalcode 00000
2021-09-27 22:46:32,604: INFO : test_accountcreationandvalidation: entering additional info askjfhkjasf
2021-09-27 22:46:32,684: INFO : test_accountcreationandvalidation: entering mobile no 1234567890
2021-09-27 22:46:32,780: INFO : test_accountcreationandvalidation: submitting
2021-09-27 22:46:35,955: INFO : test_accountcreationandvalidation: valdiating user creation
2021-09-27 22:46:36,027: INFO : test_accountcreationandvalidation: Nat Raj user creation successful
2021-09-27 22:54:08,885: INFO : test_accountcreationandvalidation: Reading login page
2021-09-27 22:54:08,885: INFO : test_accountcreationandvalidation: ready to login
2021-09-27 22:54:54,017: INFO : test_accountcreationandvalidation: Reading login page
2021-09-27 22:54:54,017: INFO : test_accountcreationandvalidation: ready to login
2021-09-27 22:55:05,782: INFO : test_accountcreationandvalidation: Ready to give email details bs2za@mail.com
2021-09-27 22:55:06,083: INFO : test_accountcreationandvalidation: email entered
2021-09-27 22:55:06,083: INFO : test_accountcreationandvalidation: providing user details
2021-09-27 22:59:20,650: INFO : test_accountcreationandvalidation: Reading login page
2021-09-27 22:59:20,650: INFO : test_accountcreationandvalidation: ready to login
2021-09-27 22:59:23,017: INFO : test_accountcreationandvalidation: Ready to give email details bzza@mail.com
2021-09-27 22:59:23,064: INFO : test_accountcreationandvalidation: email entered
2021-09-27 22:59:23,064: INFO : test_accountcreationandvalidation: providing user details
2021-09-27 22:59:24,837: INFO : test_accountcreationandvalidation: selecting title Mr
2021-09-27 22:59:28,073: INFO : test_accountcreationandvalidation: entering first name Ram
2021-09-27 22:59:28,089: INFO : test_accountcreationandvalidation: entering last name Raj
2021-09-27 22:59:28,111: INFO : test_accountcreationandvalidation: entering passewordqwerty
2021-09-27 22:59:28,142: INFO : test_accountcreationandvalidation: entering address asdfgh
2021-09-27 22:59:28,273: INFO : test_accountcreationandvalidation: entering city htfd
2021-09-27 22:59:28,327: INFO : test_accountcreationandvalidation: entering state California
2021-09-27 22:59:28,574: INFO : test_accountcreationandvalidation: entering postalcode 00000
2021-09-27 22:59:28,590: INFO : test_accountcreationandvalidation: entering additional info askjfhkjasf
2021-09-27 22:59:28,628: INFO : test_accountcreationandvalidation: entering mobile no 1234567890
2021-09-27 22:59:28,659: INFO : test_accountcreationandvalidation: submitting
2021-09-27 22:59:31,096: INFO : test_accountcreationandvalidation: valdiating user creation
2021-09-27 22:59:31,150: INFO : test_accountcreationandvalidation: Ram Raj user creation successful
2021-09-27 22:59:51,032: INFO : test_accountcreationandvalidation: Reading login page
2021-09-27 22:59:51,032: INFO : test_accountcreationandvalidation: ready to login
2021-09-27 22:59:53,105: INFO : test_accountcreationandvalidation: Ready to give email details bs2za@mail.com
2021-09-27 22:59:53,158: INFO : test_accountcreationandvalidation: email entered
2021-09-27 22:59:53,158: INFO : test_accountcreationandvalidation: providing user details
2021-09-27 23:00:22,690: INFO : test_accountcreationandvalidation: Reading login page
2021-09-27 23:00:22,690: INFO : test_accountcreationandvalidation: ready to login
2021-09-27 23:00:26,275: INFO : test_accountcreationandvalidation: Ready to give email details bs2sza@mail.com
2021-09-27 23:00:26,313: INFO : test_accountcreationandvalidation: email entered
2021-09-27 23:00:26,313: INFO : test_accountcreationandvalidation: providing user details
2021-09-27 23:00:28,580: INFO : test_accountcreationandvalidation: selecting title Mrs
2021-09-27 23:00:31,823: INFO : test_accountcreationandvalidation: entering first name King
2021-09-27 23:00:31,839: INFO : test_accountcreationandvalidation: entering last name Raj
2021-09-27 23:00:31,854: INFO : test_accountcreationandvalidation: entering passewordqwerty
2021-09-27 23:00:31,886: INFO : test_accountcreationandvalidation: entering address asdfgh
2021-09-27 23:00:31,908: INFO : test_accountcreationandvalidation: entering city htfd
2021-09-27 23:00:31,939: INFO : test_accountcreationandvalidation: entering state Arizona
2021-09-27 23:00:32,202: INFO : test_accountcreationandvalidation: entering postalcode 00000
2021-09-27 23:00:32,208: INFO : test_accountcreationandvalidation: entering additional info askjfhkjasf
2021-09-27 23:00:32,239: INFO : test_accountcreationandvalidation: entering mobile no 1234567890
2021-09-27 23:00:32,271: INFO : test_accountcreationandvalidation: submitting
2021-09-27 23:00:34,346: INFO : test_accountcreationandvalidation: valdiating user creation
2021-09-27 23:00:34,415: INFO : test_accountcreationandvalidation: King Raj user creation successful
2021-09-27 23:09:45,299: INFO : test_accountcreationandvalidation: Reading login page
2021-09-27 23:09:45,299: INFO : test_accountcreationandvalidation: ready to login
2021-09-27 23:09:47,735: INFO : test_accountcreationandvalidation: Ready to give email details wbszza@mail.com
2021-09-27 23:09:47,829: INFO : test_accountcreationandvalidation: email entered
2021-09-27 23:09:47,829: INFO : test_accountcreationandvalidation: providing user details
2021-09-27 23:09:49,473: INFO : test_accountcreationandvalidation: selecting title Mr
2021-09-27 23:09:52,541: INFO : test_accountcreationandvalidation: entering first name Ram
2021-09-27 23:09:52,631: INFO : test_accountcreationandvalidation: entering last name Raj
2021-09-27 23:09:52,720: INFO : test_accountcreationandvalidation: entering passewordqwerty
2021-09-27 23:09:52,818: INFO : test_accountcreationandvalidation: entering address asdfgh
2021-09-27 23:09:52,909: INFO : test_accountcreationandvalidation: entering city htfd
2021-09-27 23:09:52,998: INFO : test_accountcreationandvalidation: entering state California
2021-09-27 23:09:53,084: INFO : test_accountcreationandvalidation: entering postalcode 00000
2021-09-27 23:09:53,176: INFO : test_accountcreationandvalidation: entering additional info askjfhkjasf
2021-09-27 23:09:53,260: INFO : test_accountcreationandvalidation: entering mobile no 1234567890
2021-09-27 23:09:53,353: INFO : test_accountcreationandvalidation: submitting
2021-09-27 23:09:56,293: INFO : test_accountcreationandvalidation: valdiating user creation
2021-09-27 23:09:56,364: INFO : test_accountcreationandvalidation: Ram Raj user creation successful
2021-09-27 23:12:22,514: INFO : test_accountcreationandvalidation: Reading login page
2021-09-27 23:12:22,530: INFO : test_accountcreationandvalidation: ready to login
2021-09-27 23:12:25,015: INFO : test_accountcreationandvalidation: Ready to give email details dbzza@mail.com
2021-09-27 23:12:25,062: INFO : test_accountcreationandvalidation: email entered
2021-09-27 23:12:25,062: INFO : test_accountcreationandvalidation: providing user details
2021-09-27 23:12:26,832: INFO : test_accountcreationandvalidation: selecting title Mr
2021-09-27 23:12:30,069: INFO : test_accountcreationandvalidation: entering first name Rav
2021-09-27 23:12:30,084: INFO : test_accountcreationandvalidation: entering last name Raj
2021-09-27 23:12:30,106: INFO : test_accountcreationandvalidation: entering passewordqwerty
2021-09-27 23:12:30,122: INFO : test_accountcreationandvalidation: entering address asdfgh
2021-09-27 23:12:30,153: INFO : test_accountcreationandvalidation: entering city htfd
2021-09-27 23:12:30,184: INFO : test_accountcreationandvalidation: entering state Delaware
2021-09-27 23:12:30,439: INFO : test_accountcreationandvalidation: entering postalcode 00000
2021-09-27 23:12:30,454: INFO : test_accountcreationandvalidation: entering additional info askjfhkjasf
2021-09-27 23:12:30,485: INFO : test_accountcreationandvalidation: entering mobile no 1234567890
2021-09-27 23:12:30,507: INFO : test_accountcreationandvalidation: submitting
2021-09-27 23:12:33,013: INFO : test_accountcreationandvalidation: valdiating user creation
2021-09-27 23:12:33,076: INFO : test_accountcreationandvalidation: Rav Raj user creation successful
2021-09-27 23:13:28,244: INFO : test_accountcreationandvalidation: Reading login page
2021-09-27 23:13:28,244: INFO : test_accountcreationandvalidation: ready to login
2021-09-27 23:13:32,138: INFO : test_accountcreationandvalidation: Ready to give email details dsbzza@mail.com
2021-09-27 23:13:32,232: INFO : test_accountcreationandvalidation: email entered
2021-09-27 23:13:32,232: INFO : test_accountcreationandvalidation: providing user details
2021-09-27 23:13:34,901: INFO : test_accountcreationandvalidation: selecting title Mr
2021-09-27 23:13:37,961: INFO : test_accountcreationandvalidation: entering first name Rav
2021-09-27 23:13:38,050: INFO : test_accountcreationandvalidation: entering last name Raj
2021-09-27 23:13:38,148: INFO : test_accountcreationandvalidation: entering passewordqwerty
2021-09-27 23:13:38,255: INFO : test_accountcreationandvalidation: entering address asdfgh
2021-09-27 23:13:38,345: INFO : test_accountcreationandvalidation: entering city htfd
2021-09-27 23:13:38,442: INFO : test_accountcreationandvalidation: entering state Delaware
2021-09-27 23:13:38,534: INFO : test_accountcreationandvalidation: entering postalcode 00000
2021-09-27 23:13:38,623: INFO : test_accountcreationandvalidation: entering additional info askjfhkjasf
2021-09-27 23:13:38,722: INFO : test_accountcreationandvalidation: entering mobile no 1234567890
2021-09-27 23:13:38,816: INFO : test_accountcreationandvalidation: submitting
2021-09-27 23:13:41,612: INFO : test_accountcreationandvalidation: valdiating user creation
2021-09-27 23:13:41,686: INFO : test_accountcreationandvalidation: Rav Raj user creation successful
2021-09-27 23:14:02,121: INFO : test_accountcreationandvalidation: Reading login page
2021-09-27 23:14:02,121: INFO : test_accountcreationandvalidation: ready to login
2021-09-27 23:14:04,715: INFO : test_accountcreationandvalidation: Ready to give email details fbs2za@mail.com
2021-09-27 23:14:04,793: INFO : test_accountcreationandvalidation: email entered
2021-09-27 23:14:04,793: INFO : test_accountcreationandvalidation: providing user details
2021-09-27 23:14:07,481: INFO : test_accountcreationandvalidation: selecting title Mrs
2021-09-27 23:14:10,552: INFO : test_accountcreationandvalidation: entering first name Lak
2021-09-27 23:14:10,644: INFO : test_accountcreationandvalidation: entering last name Raj
2021-09-27 23:14:10,728: INFO : test_accountcreationandvalidation: entering passewordqwerty
2021-09-27 23:14:10,816: INFO : test_accountcreationandvalidation: entering address asdfgh
2021-09-27 23:14:10,894: INFO : test_accountcreationandvalidation: entering city htfd
2021-09-27 23:14:10,973: INFO : test_accountcreationandvalidation: entering state Connecticut
2021-09-27 23:14:11,053: INFO : test_accountcreationandvalidation: entering postalcode 00000
2021-09-27 23:14:11,128: INFO : test_accountcreationandvalidation: entering additional info askjfhkjasf
2021-09-27 23:14:11,230: INFO : test_accountcreationandvalidation: entering mobile no 1234567890
2021-09-27 23:14:11,324: INFO : test_accountcreationandvalidation: submitting
2021-09-27 23:14:13,480: INFO : test_accountcreationandvalidation: valdiating user creation
2021-09-27 23:14:13,553: INFO : test_accountcreationandvalidation: Lak Raj user creation successful
2021-09-27 23:14:24,749: INFO : test_accountcreationandvalidation: Reading login page
2021-09-27 23:14:24,749: INFO : test_accountcreationandvalidation: ready to login
2021-09-27 23:14:26,846: INFO : test_accountcreationandvalidation: Ready to give email details bs2sza@mail.com
2021-09-27 23:14:26,940: INFO : test_accountcreationandvalidation: email entered
2021-09-27 23:14:26,940: INFO : test_accountcreationandvalidation: providing user details
